ERROR - 2024-06-06 00:43:45 --> Error connecting to the database: mysqli_sql_exception: No connection could be made because the target machine actively refused it in D:\xampp\htdocs\ci4\system\Database\MySQLi\Connection.php:171
Stack trace:
#0 D:\xampp\htdocs\ci4\system\Database\MySQLi\Connection.php(171): mysqli->real_connect('localhost', 'root', '', 'ci4', 3306, '', 0)
#1 D:\xampp\htdocs\ci4\system\Database\BaseConnection.php(382): CodeIgniter\Database\MySQLi\Connection->connect(false)
#2 D:\xampp\htdocs\ci4\system\Database\BaseConnection.php(588): CodeIgniter\Database\BaseConnection->initialize()
#3 D:\xampp\htdocs\ci4\system\Database\BaseBuilder.php(1585): CodeIgniter\Database\BaseConnection->query('SELECT *\nFROM `...', Array, false)
#4 D:\xampp\htdocs\ci4\system\Model.php(249): CodeIgniter\Database\BaseBuilder->get()
#5 D:\xampp\htdocs\ci4\system\BaseModel.php(622): CodeIgniter\Model->doFirst()
#6 D:\xampp\htdocs\ci4\app\Controllers\SigninController.php(39): CodeIgniter\BaseModel->first()
#7 D:\xampp\htdocs\ci4\system\CodeIgniter.php(898): App\Controllers\SigninController->loginAuth()
#8 D:\xampp\htdocs\ci4\system\CodeIgniter.php(457): CodeIgniter\CodeIgniter->runController(Object(App\Controllers\SigninController))
#9 D:\xampp\htdocs\ci4\system\CodeIgniter.php(340): CodeIgniter\CodeIgniter->handleRequest(NULL, Object(Config\Cache), false)
#10 D:\xampp\htdocs\ci4\public\index.php(67): CodeIgniter\CodeIgniter->run()
#11 D:\xampp\htdocs\ci4\system\Commands\Server\rewrite.php(43): require_once('D:\\xampp\\htdocs...')
#12 {main}

Next CodeIgniter\Database\Exceptions\DatabaseException: No connection could be made because the target machine actively refused it in D:\xampp\htdocs\ci4\system\Database\MySQLi\Connection.php:215
Stack trace:
#0 D:\xampp\htdocs\ci4\system\Database\BaseConnection.php(382): CodeIgniter\Database\MySQLi\Connection->connect(false)
#1 D:\xampp\htdocs\ci4\system\Database\BaseConnection.php(588): CodeIgniter\Database\BaseConnection->initialize()
#2 D:\xampp\htdocs\ci4\system\Database\BaseBuilder.php(1585): CodeIgniter\Database\BaseConnection->query('SELECT *\nFROM `...', Array, false)
#3 D:\xampp\htdocs\ci4\system\Model.php(249): CodeIgniter\Database\BaseBuilder->get()
#4 D:\xampp\htdocs\ci4\system\BaseModel.php(622): CodeIgniter\Model->doFirst()
#5 D:\xampp\htdocs\ci4\app\Controllers\SigninController.php(39): CodeIgniter\BaseModel->first()
#6 D:\xampp\htdocs\ci4\system\CodeIgniter.php(898): App\Controllers\SigninController->loginAuth()
#7 D:\xampp\htdocs\ci4\system\CodeIgniter.php(457): CodeIgniter\CodeIgniter->runController(Object(App\Controllers\SigninController))
#8 D:\xampp\htdocs\ci4\system\CodeIgniter.php(340): CodeIgniter\CodeIgniter->handleRequest(NULL, Object(Config\Cache), false)
#9 D:\xampp\htdocs\ci4\public\index.php(67): CodeIgniter\CodeIgniter->run()
#10 D:\xampp\htdocs\ci4\system\Commands\Server\rewrite.php(43): require_once('D:\\xampp\\htdocs...')
#11 {main}
CRITICAL - 2024-06-06 00:43:45 --> Unable to connect to the database.
Main connection [MySQLi]: No connection could be made because the target machine actively refused it
in SYSTEMPATH\Database\BaseConnection.php on line 418.
 1 SYSTEMPATH\Database\BaseConnection.php(588): CodeIgniter\Database\BaseConnection->initialize()
 2 SYSTEMPATH\Database\BaseBuilder.php(1585): CodeIgniter\Database\BaseConnection->query('SELECT *
FROM `users`
WHERE `email` = :email:
 LIMIT 1', [...], false)
 3 SYSTEMPATH\Model.php(249): CodeIgniter\Database\BaseBuilder->get()
 4 SYSTEMPATH\BaseModel.php(622): CodeIgniter\Model->doFirst()
 5 APPPATH\Controllers\SigninController.php(39): CodeIgniter\BaseModel->first()
 6 SYSTEMPATH\CodeIgniter.php(898): App\Controllers\SigninController->loginAuth()
 7 SYSTEMPATH\CodeIgniter.php(457): CodeIgniter\CodeIgniter->runController(Object(App\Controllers\SigninController))
 8 SYSTEMPATH\CodeIgniter.php(340): CodeIgniter\CodeIgniter->handleRequest(null, Object(Config\Cache), false)
 9 FCPATH\index.php(67): CodeIgniter\CodeIgniter->run()
10 SYSTEMPATH\Commands\Server\rewrite.php(43): require_once('FCPATH\\index.php')
ERROR - 2024-06-06 00:44:36 --> Error connecting to the database: mysqli_sql_exception: No connection could be made because the target machine actively refused it in D:\xampp\htdocs\ci4\system\Database\MySQLi\Connection.php:171
Stack trace:
#0 D:\xampp\htdocs\ci4\system\Database\MySQLi\Connection.php(171): mysqli->real_connect('localhost', 'root', '', 'ci4', 3306, '', 0)
#1 D:\xampp\htdocs\ci4\system\Database\BaseConnection.php(382): CodeIgniter\Database\MySQLi\Connection->connect(false)
#2 D:\xampp\htdocs\ci4\system\Database\BaseConnection.php(588): CodeIgniter\Database\BaseConnection->initialize()
#3 D:\xampp\htdocs\ci4\system\Database\BaseBuilder.php(1585): CodeIgniter\Database\BaseConnection->query('SELECT *\nFROM `...', Array, false)
#4 D:\xampp\htdocs\ci4\system\Model.php(249): CodeIgniter\Database\BaseBuilder->get()
#5 D:\xampp\htdocs\ci4\system\BaseModel.php(622): CodeIgniter\Model->doFirst()
#6 D:\xampp\htdocs\ci4\app\Controllers\SigninController.php(39): CodeIgniter\BaseModel->first()
#7 D:\xampp\htdocs\ci4\system\CodeIgniter.php(898): App\Controllers\SigninController->loginAuth()
#8 D:\xampp\htdocs\ci4\system\CodeIgniter.php(457): CodeIgniter\CodeIgniter->runController(Object(App\Controllers\SigninController))
#9 D:\xampp\htdocs\ci4\system\CodeIgniter.php(340): CodeIgniter\CodeIgniter->handleRequest(NULL, Object(Config\Cache), false)
#10 D:\xampp\htdocs\ci4\public\index.php(67): CodeIgniter\CodeIgniter->run()
#11 D:\xampp\htdocs\ci4\system\Commands\Server\rewrite.php(43): require_once('D:\\xampp\\htdocs...')
#12 {main}

Next CodeIgniter\Database\Exceptions\DatabaseException: No connection could be made because the target machine actively refused it in D:\xampp\htdocs\ci4\system\Database\MySQLi\Connection.php:215
Stack trace:
#0 D:\xampp\htdocs\ci4\system\Database\BaseConnection.php(382): CodeIgniter\Database\MySQLi\Connection->connect(false)
#1 D:\xampp\htdocs\ci4\system\Database\BaseConnection.php(588): CodeIgniter\Database\BaseConnection->initialize()
#2 D:\xampp\htdocs\ci4\system\Database\BaseBuilder.php(1585): CodeIgniter\Database\BaseConnection->query('SELECT *\nFROM `...', Array, false)
#3 D:\xampp\htdocs\ci4\system\Model.php(249): CodeIgniter\Database\BaseBuilder->get()
#4 D:\xampp\htdocs\ci4\system\BaseModel.php(622): CodeIgniter\Model->doFirst()
#5 D:\xampp\htdocs\ci4\app\Controllers\SigninController.php(39): CodeIgniter\BaseModel->first()
#6 D:\xampp\htdocs\ci4\system\CodeIgniter.php(898): App\Controllers\SigninController->loginAuth()
#7 D:\xampp\htdocs\ci4\system\CodeIgniter.php(457): CodeIgniter\CodeIgniter->runController(Object(App\Controllers\SigninController))
#8 D:\xampp\htdocs\ci4\system\CodeIgniter.php(340): CodeIgniter\CodeIgniter->handleRequest(NULL, Object(Config\Cache), false)
#9 D:\xampp\htdocs\ci4\public\index.php(67): CodeIgniter\CodeIgniter->run()
#10 D:\xampp\htdocs\ci4\system\Commands\Server\rewrite.php(43): require_once('D:\\xampp\\htdocs...')
#11 {main}
CRITICAL - 2024-06-06 00:44:36 --> Unable to connect to the database.
Main connection [MySQLi]: No connection could be made because the target machine actively refused it
in SYSTEMPATH\Database\BaseConnection.php on line 418.
 1 SYSTEMPATH\Database\BaseConnection.php(588): CodeIgniter\Database\BaseConnection->initialize()
 2 SYSTEMPATH\Database\BaseBuilder.php(1585): CodeIgniter\Database\BaseConnection->query('SELECT *
FROM `users`
WHERE `email` = :email:
 LIMIT 1', [...], false)
 3 SYSTEMPATH\Model.php(249): CodeIgniter\Database\BaseBuilder->get()
 4 SYSTEMPATH\BaseModel.php(622): CodeIgniter\Model->doFirst()
 5 APPPATH\Controllers\SigninController.php(39): CodeIgniter\BaseModel->first()
 6 SYSTEMPATH\CodeIgniter.php(898): App\Controllers\SigninController->loginAuth()
 7 SYSTEMPATH\CodeIgniter.php(457): CodeIgniter\CodeIgniter->runController(Object(App\Controllers\SigninController))
 8 SYSTEMPATH\CodeIgniter.php(340): CodeIgniter\CodeIgniter->handleRequest(null, Object(Config\Cache), false)
 9 FCPATH\index.php(67): CodeIgniter\CodeIgniter->run()
10 SYSTEMPATH\Commands\Server\rewrite.php(43): require_once('FCPATH\\index.php')
ERROR - 2024-06-06 02:02:05 --> mysqli_sql_exception: Table 'ci4.user_role' doesn't exist in D:\xampp\htdocs\ci4\system\Database\MySQLi\Connection.php:292
Stack trace:
#0 D:\xampp\htdocs\ci4\system\Database\MySQLi\Connection.php(292): mysqli->query('SELECT *\nFROM `...', 0)
#1 D:\xampp\htdocs\ci4\system\Database\BaseConnection.php(693): CodeIgniter\Database\MySQLi\Connection->execute('SELECT *\nFROM `...')
#2 D:\xampp\htdocs\ci4\system\Database\BaseConnection.php(620): CodeIgniter\Database\BaseConnection->simpleQuery('SELECT *\nFROM `...')
#3 D:\xampp\htdocs\ci4\system\Database\BaseBuilder.php(1585): CodeIgniter\Database\BaseConnection->query('SELECT *\nFROM `...', Array, false)
#4 D:\xampp\htdocs\ci4\system\Model.php(222): CodeIgniter\Database\BaseBuilder->get()
#5 D:\xampp\htdocs\ci4\system\BaseModel.php(584): CodeIgniter\Model->doFindAll(0, 0)
#6 D:\xampp\htdocs\ci4\app\Controllers\SignupController.php(20): CodeIgniter\BaseModel->findAll()
#7 D:\xampp\htdocs\ci4\system\CodeIgniter.php(898): App\Controllers\SignupController->index()
#8 D:\xampp\htdocs\ci4\system\CodeIgniter.php(457): CodeIgniter\CodeIgniter->runController(Object(App\Controllers\SignupController))
#9 D:\xampp\htdocs\ci4\system\CodeIgniter.php(340): CodeIgniter\CodeIgniter->handleRequest(NULL, Object(Config\Cache), false)
#10 D:\xampp\htdocs\ci4\public\index.php(67): CodeIgniter\CodeIgniter->run()
#11 D:\xampp\htdocs\ci4\system\Commands\Server\rewrite.php(43): require_once('D:\\xampp\\htdocs...')
#12 {main}
CRITICAL - 2024-06-06 02:02:05 --> Call to a member function getResult() on bool
in SYSTEMPATH\Model.php on line 223.
 1 SYSTEMPATH\BaseModel.php(584): CodeIgniter\Model->doFindAll(0, 0)
 2 APPPATH\Controllers\SignupController.php(20): CodeIgniter\BaseModel->findAll()
 3 SYSTEMPATH\CodeIgniter.php(898): App\Controllers\SignupController->index()
 4 SYSTEMPATH\CodeIgniter.php(457): CodeIgniter\CodeIgniter->runController(Object(App\Controllers\SignupController))
 5 SYSTEMPATH\CodeIgniter.php(340): CodeIgniter\CodeIgniter->handleRequest(null, Object(Config\Cache), false)
 6 FCPATH\index.php(67): CodeIgniter\CodeIgniter->run()
 7 SYSTEMPATH\Commands\Server\rewrite.php(43): require_once('FCPATH\\index.php')
CRITICAL - 2024-06-06 02:35:23 --> Undefined array key "id"
in APPPATH\Views\productsView.php on line 66.
 1 APPPATH\Views\productsView.php(66): CodeIgniter\Debug\Exceptions->errorHandler(2, 'Undefined array key "id"', 'APPPATH\\Views\\productsView.php', 66)
 2 SYSTEMPATH\View\View.php(213): include('APPPATH\\Views\\productsView.php')
 3 SYSTEMPATH\View\View.php(216): CodeIgniter\View\View->CodeIgniter\View\{closure}()
 4 SYSTEMPATH\Common.php(1137): CodeIgniter\View\View->render('productsView', [], true)
 5 APPPATH\Controllers\ProductsController.php(19): view('productsView', [...])
 6 SYSTEMPATH\CodeIgniter.php(898): App\Controllers\ProductsController->index()
 7 SYSTEMPATH\CodeIgniter.php(457): CodeIgniter\CodeIgniter->runController(Object(App\Controllers\ProductsController))
 8 SYSTEMPATH\CodeIgniter.php(340): CodeIgniter\CodeIgniter->handleRequest(null, Object(Config\Cache), false)
 9 FCPATH\index.php(67): CodeIgniter\CodeIgniter->run()
10 SYSTEMPATH\Commands\Server\rewrite.php(43): require_once('FCPATH\\index.php')
CRITICAL - 2024-06-06 03:09:17 --> Unclosed '{' on line 51
in APPPATH\Views\productsView.php on line 79.
 1 SYSTEMPATH\View\View.php(216): CodeIgniter\View\View->CodeIgniter\View\{closure}()
 2 SYSTEMPATH\Common.php(1137): CodeIgniter\View\View->render('productsView', [], true)
 3 APPPATH\Controllers\ProductsController.php(19): view('productsView', [...])
 4 SYSTEMPATH\CodeIgniter.php(898): App\Controllers\ProductsController->index()
 5 SYSTEMPATH\CodeIgniter.php(457): CodeIgniter\CodeIgniter->runController(Object(App\Controllers\ProductsController))
 6 SYSTEMPATH\CodeIgniter.php(340): CodeIgniter\CodeIgniter->handleRequest(null, Object(Config\Cache), false)
 7 FCPATH\index.php(67): CodeIgniter\CodeIgniter->run()
 8 SYSTEMPATH\Commands\Server\rewrite.php(43): require_once('FCPATH\\index.php')
CRITICAL - 2024-06-06 04:02:23 --> CodeIgniter\Session\Session::push(): Argument #2 ($data) must be of type array, string given, called in D:\xampp\htdocs\ci4\app\Controllers\CartController.php on line 17
in SYSTEMPATH\Session\Session.php on line 536.
 1 APPPATH\Controllers\CartController.php(17): CodeIgniter\Session\Session->push('values', '2')
 2 SYSTEMPATH\CodeIgniter.php(898): App\Controllers\CartController->addValue()
 3 SYSTEMPATH\CodeIgniter.php(457): CodeIgniter\CodeIgniter->runController(Object(App\Controllers\CartController))
 4 SYSTEMPATH\CodeIgniter.php(340): CodeIgniter\CodeIgniter->handleRequest(null, Object(Config\Cache), false)
 5 FCPATH\index.php(67): CodeIgniter\CodeIgniter->run()
 6 SYSTEMPATH\Commands\Server\rewrite.php(43): require_once('FCPATH\\index.php')
CRITICAL - 2024-06-06 04:03:52 --> CodeIgniter\Session\Session::push(): Argument #2 ($data) must be of type array, string given, called in D:\xampp\htdocs\ci4\app\Controllers\CartController.php on line 17
in SYSTEMPATH\Session\Session.php on line 536.
 1 APPPATH\Controllers\CartController.php(17): CodeIgniter\Session\Session->push('values', '2')
 2 SYSTEMPATH\CodeIgniter.php(898): App\Controllers\CartController->addValue()
 3 SYSTEMPATH\CodeIgniter.php(457): CodeIgniter\CodeIgniter->runController(Object(App\Controllers\CartController))
 4 SYSTEMPATH\CodeIgniter.php(340): CodeIgniter\CodeIgniter->handleRequest(null, Object(Config\Cache), false)
 5 FCPATH\index.php(67): CodeIgniter\CodeIgniter->run()
 6 SYSTEMPATH\Commands\Server\rewrite.php(43): require_once('FCPATH\\index.php')
CRITICAL - 2024-06-06 04:04:56 --> CodeIgniter\Session\Session::push(): Argument #2 ($data) must be of type array, string given, called in D:\xampp\htdocs\ci4\app\Controllers\CartController.php on line 18
in SYSTEMPATH\Session\Session.php on line 536.
 1 APPPATH\Controllers\CartController.php(18): CodeIgniter\Session\Session->push('values', '2')
 2 SYSTEMPATH\CodeIgniter.php(898): App\Controllers\CartController->addValue()
 3 SYSTEMPATH\CodeIgniter.php(457): CodeIgniter\CodeIgniter->runController(Object(App\Controllers\CartController))
 4 SYSTEMPATH\CodeIgniter.php(340): CodeIgniter\CodeIgniter->handleRequest(null, Object(Config\Cache), false)
 5 FCPATH\index.php(67): CodeIgniter\CodeIgniter->run()
 6 SYSTEMPATH\Commands\Server\rewrite.php(43): require_once('FCPATH\\index.php')
CRITICAL - 2024-06-06 04:05:33 --> CodeIgniter\Session\Session::push(): Argument #2 ($data) must be of type array, string given, called in D:\xampp\htdocs\ci4\app\Controllers\CartController.php on line 20
in SYSTEMPATH\Session\Session.php on line 536.
 1 APPPATH\Controllers\CartController.php(20): CodeIgniter\Session\Session->push('values', '2')
 2 SYSTEMPATH\CodeIgniter.php(898): App\Controllers\CartController->addValue()
 3 SYSTEMPATH\CodeIgniter.php(457): CodeIgniter\CodeIgniter->runController(Object(App\Controllers\CartController))
 4 SYSTEMPATH\CodeIgniter.php(340): CodeIgniter\CodeIgniter->handleRequest(null, Object(Config\Cache), false)
 5 FCPATH\index.php(67): CodeIgniter\CodeIgniter->run()
 6 SYSTEMPATH\Commands\Server\rewrite.php(43): require_once('FCPATH\\index.php')
CRITICAL - 2024-06-06 04:06:09 --> CodeIgniter\Session\Session::push(): Argument #2 ($data) must be of type array, string given, called in D:\xampp\htdocs\ci4\app\Controllers\CartController.php on line 20
in SYSTEMPATH\Session\Session.php on line 536.
 1 APPPATH\Controllers\CartController.php(20): CodeIgniter\Session\Session->push('values', '2')
 2 SYSTEMPATH\CodeIgniter.php(898): App\Controllers\CartController->addValue()
 3 SYSTEMPATH\CodeIgniter.php(457): CodeIgniter\CodeIgniter->runController(Object(App\Controllers\CartController))
 4 SYSTEMPATH\CodeIgniter.php(340): CodeIgniter\CodeIgniter->handleRequest(null, Object(Config\Cache), false)
 5 FCPATH\index.php(67): CodeIgniter\CodeIgniter->run()
 6 SYSTEMPATH\Commands\Server\rewrite.php(43): require_once('FCPATH\\index.php')
CRITICAL - 2024-06-06 04:07:31 --> CodeIgniter\Session\Session::push(): Argument #2 ($data) must be of type array, string given, called in D:\xampp\htdocs\ci4\app\Controllers\CartController.php on line 18
in SYSTEMPATH\Session\Session.php on line 536.
 1 APPPATH\Controllers\CartController.php(18): CodeIgniter\Session\Session->push('values', '2')
 2 SYSTEMPATH\CodeIgniter.php(898): App\Controllers\CartController->addValue()
 3 SYSTEMPATH\CodeIgniter.php(457): CodeIgniter\CodeIgniter->runController(Object(App\Controllers\CartController))
 4 SYSTEMPATH\CodeIgniter.php(340): CodeIgniter\CodeIgniter->handleRequest(null, Object(Config\Cache), false)
 5 FCPATH\index.php(67): CodeIgniter\CodeIgniter->run()
 6 SYSTEMPATH\Commands\Server\rewrite.php(43): require_once('FCPATH\\index.php')
CRITICAL - 2024-06-06 04:11:09 --> CodeIgniter\Session\Session::push(): Argument #2 ($data) must be of type array, string given, called in D:\xampp\htdocs\ci4\app\Controllers\CartController.php on line 18
in SYSTEMPATH\Session\Session.php on line 536.
 1 APPPATH\Controllers\CartController.php(18): CodeIgniter\Session\Session->push('values', '2')
 2 SYSTEMPATH\CodeIgniter.php(898): App\Controllers\CartController->addValue()
 3 SYSTEMPATH\CodeIgniter.php(457): CodeIgniter\CodeIgniter->runController(Object(App\Controllers\CartController))
 4 SYSTEMPATH\CodeIgniter.php(340): CodeIgniter\CodeIgniter->handleRequest(null, Object(Config\Cache), false)
 5 FCPATH\index.php(67): CodeIgniter\CodeIgniter->run()
 6 SYSTEMPATH\Commands\Server\rewrite.php(43): require_once('FCPATH\\index.php')
CRITICAL - 2024-06-06 04:13:44 --> CodeIgniter\Session\Session::push(): Argument #2 ($data) must be of type array, string given, called in D:\xampp\htdocs\ci4\app\Controllers\CartController.php on line 23
in SYSTEMPATH\Session\Session.php on line 536.
 1 APPPATH\Controllers\CartController.php(23): CodeIgniter\Session\Session->push('values', '2')
 2 SYSTEMPATH\CodeIgniter.php(898): App\Controllers\CartController->addValue()
 3 SYSTEMPATH\CodeIgniter.php(457): CodeIgniter\CodeIgniter->runController(Object(App\Controllers\CartController))
 4 SYSTEMPATH\CodeIgniter.php(340): CodeIgniter\CodeIgniter->handleRequest(null, Object(Config\Cache), false)
 5 FCPATH\index.php(67): CodeIgniter\CodeIgniter->run()
 6 SYSTEMPATH\Commands\Server\rewrite.php(43): require_once('FCPATH\\index.php')
CRITICAL - 2024-06-06 04:36:32 --> Array to string conversion
in APPPATH\Views\productsView.php on line 50.
 1 APPPATH\Views\productsView.php(50): CodeIgniter\Debug\Exceptions->errorHandler(2, 'Array to string conversion', 'APPPATH\\Views\\productsView.php', 50)
 2 SYSTEMPATH\View\View.php(213): include('APPPATH\\Views\\productsView.php')
 3 SYSTEMPATH\View\View.php(216): CodeIgniter\View\View->CodeIgniter\View\{closure}()
 4 SYSTEMPATH\Common.php(1137): CodeIgniter\View\View->render('productsView', [], true)
 5 APPPATH\Controllers\ProductsController.php(20): view('productsView', [...])
 6 SYSTEMPATH\CodeIgniter.php(898): App\Controllers\ProductsController->index()
 7 SYSTEMPATH\CodeIgniter.php(457): CodeIgniter\CodeIgniter->runController(Object(App\Controllers\ProductsController))
 8 SYSTEMPATH\CodeIgniter.php(340): CodeIgniter\CodeIgniter->handleRequest(null, Object(Config\Cache), false)
 9 FCPATH\index.php(67): CodeIgniter\CodeIgniter->run()
10 SYSTEMPATH\Commands\Server\rewrite.php(43): require_once('FCPATH\\index.php')
CRITICAL - 2024-06-06 04:39:51 --> Undefined variable $catValues
in APPPATH\Views\productsView.php on line 49.
 1 APPPATH\Views\productsView.php(49): CodeIgniter\Debug\Exceptions->errorHandler(2, 'Undefined variable $catValues', 'APPPATH\\Views\\productsView.php', 49)
 2 SYSTEMPATH\View\View.php(213): include('APPPATH\\Views\\productsView.php')
 3 SYSTEMPATH\View\View.php(216): CodeIgniter\View\View->CodeIgniter\View\{closure}()
 4 SYSTEMPATH\Common.php(1137): CodeIgniter\View\View->render('productsView', [], true)
 5 APPPATH\Controllers\ProductsController.php(26): view('productsView', [...])
 6 SYSTEMPATH\CodeIgniter.php(898): App\Controllers\ProductsController->index()
 7 SYSTEMPATH\CodeIgniter.php(457): CodeIgniter\CodeIgniter->runController(Object(App\Controllers\ProductsController))
 8 SYSTEMPATH\CodeIgniter.php(340): CodeIgniter\CodeIgniter->handleRequest(null, Object(Config\Cache), false)
 9 FCPATH\index.php(67): CodeIgniter\CodeIgniter->run()
10 SYSTEMPATH\Commands\Server\rewrite.php(43): require_once('FCPATH\\index.php')
CRITICAL - 2024-06-06 04:42:13 --> count(): Argument #1 ($value) must be of type Countable|array, null given
in APPPATH\Controllers\ProductsController.php on line 22.
 1 APPPATH\Controllers\ProductsController.php(22): count(null)
 2 SYSTEMPATH\CodeIgniter.php(898): App\Controllers\ProductsController->index()
 3 SYSTEMPATH\CodeIgniter.php(457): CodeIgniter\CodeIgniter->runController(Object(App\Controllers\ProductsController))
 4 SYSTEMPATH\CodeIgniter.php(340): CodeIgniter\CodeIgniter->handleRequest(null, Object(Config\Cache), false)
 5 FCPATH\index.php(67): CodeIgniter\CodeIgniter->run()
 6 SYSTEMPATH\Commands\Server\rewrite.php(43): require_once('FCPATH\\index.php')
CRITICAL - 2024-06-06 05:08:17 --> Undefined array key 1
in APPPATH\Controllers\CartController.php on line 29.
 1 APPPATH\Controllers\CartController.php(29): CodeIgniter\Debug\Exceptions->errorHandler(2, 'Undefined array key 1', 'APPPATH\\Controllers\\CartController.php', 29)
 2 SYSTEMPATH\CodeIgniter.php(898): App\Controllers\CartController->index()
 3 SYSTEMPATH\CodeIgniter.php(457): CodeIgniter\CodeIgniter->runController(Object(App\Controllers\CartController))
 4 SYSTEMPATH\CodeIgniter.php(340): CodeIgniter\CodeIgniter->handleRequest(null, Object(Config\Cache), false)
 5 FCPATH\index.php(67): CodeIgniter\CodeIgniter->run()
 6 SYSTEMPATH\Commands\Server\rewrite.php(43): require_once('FCPATH\\index.php')
CRITICAL - 2024-06-06 05:08:35 --> Undefined array key 1
in APPPATH\Controllers\CartController.php on line 29.
 1 APPPATH\Controllers\CartController.php(29): CodeIgniter\Debug\Exceptions->errorHandler(2, 'Undefined array key 1', 'APPPATH\\Controllers\\CartController.php', 29)
 2 SYSTEMPATH\CodeIgniter.php(898): App\Controllers\CartController->index()
 3 SYSTEMPATH\CodeIgniter.php(457): CodeIgniter\CodeIgniter->runController(Object(App\Controllers\CartController))
 4 SYSTEMPATH\CodeIgniter.php(340): CodeIgniter\CodeIgniter->handleRequest(null, Object(Config\Cache), false)
 5 FCPATH\index.php(67): CodeIgniter\CodeIgniter->run()
 6 SYSTEMPATH\Commands\Server\rewrite.php(43): require_once('FCPATH\\index.php')
CRITICAL - 2024-06-06 05:08:37 --> Undefined array key 1
in APPPATH\Controllers\CartController.php on line 29.
 1 APPPATH\Controllers\CartController.php(29): CodeIgniter\Debug\Exceptions->errorHandler(2, 'Undefined array key 1', 'APPPATH\\Controllers\\CartController.php', 29)
 2 SYSTEMPATH\CodeIgniter.php(898): App\Controllers\CartController->index()
 3 SYSTEMPATH\CodeIgniter.php(457): CodeIgniter\CodeIgniter->runController(Object(App\Controllers\CartController))
 4 SYSTEMPATH\CodeIgniter.php(340): CodeIgniter\CodeIgniter->handleRequest(null, Object(Config\Cache), false)
 5 FCPATH\index.php(67): CodeIgniter\CodeIgniter->run()
 6 SYSTEMPATH\Commands\Server\rewrite.php(43): require_once('FCPATH\\index.php')
CRITICAL - 2024-06-06 05:21:17 --> Invalid file: checkout.php
in SYSTEMPATH\Exceptions\FrameworkException.php on line 33.
 1 SYSTEMPATH\View\View.php(201): CodeIgniter\Exceptions\FrameworkException::forInvalidFile('checkout.php')
 2 SYSTEMPATH\Common.php(1137): CodeIgniter\View\View->render('checkout', [], true)
 3 APPPATH\Controllers\CartController.php(61): view('checkout', [...])
 4 SYSTEMPATH\CodeIgniter.php(898): App\Controllers\CartController->checkout()
 5 SYSTEMPATH\CodeIgniter.php(457): CodeIgniter\CodeIgniter->runController(Object(App\Controllers\CartController))
 6 SYSTEMPATH\CodeIgniter.php(340): CodeIgniter\CodeIgniter->handleRequest(null, Object(Config\Cache), false)
 7 FCPATH\index.php(67): CodeIgniter\CodeIgniter->run()
 8 SYSTEMPATH\Commands\Server\rewrite.php(43): require_once('FCPATH\\index.php')
CRITICAL - 2024-06-06 07:58:07 --> json_decode(): Argument #1 ($json) must be of type string, stdClass given
in APPPATH\Controllers\CartController.php on line 162.
 1 APPPATH\Controllers\CartController.php(162): json_decode(Object(stdClass))
 2 SYSTEMPATH\CodeIgniter.php(898): App\Controllers\CartController->checkoutAction()
 3 SYSTEMPATH\CodeIgniter.php(457): CodeIgniter\CodeIgniter->runController(Object(App\Controllers\CartController))
 4 SYSTEMPATH\CodeIgniter.php(340): CodeIgniter\CodeIgniter->handleRequest(null, Object(Config\Cache), false)
 5 FCPATH\index.php(67): CodeIgniter\CodeIgniter->run()
 6 SYSTEMPATH\Commands\Server\rewrite.php(43): require_once('FCPATH\\index.php')
CRITICAL - 2024-06-06 07:59:26 --> Allowed fields must be specified for model: App\Models\ProductpurchaseModel
in SYSTEMPATH\BaseModel.php on line 1139.
 1 SYSTEMPATH\BaseModel.php(1139): CodeIgniter\Database\Exceptions\DataException::forInvalidAllowedFields('App\\Models\\ProductpurchaseModel')
 2 SYSTEMPATH\BaseModel.php(713): CodeIgniter\BaseModel->doProtectFields([...])
 3 SYSTEMPATH\Model.php(666): CodeIgniter\BaseModel->insert([...], false)
 4 SYSTEMPATH\BaseModel.php(658): CodeIgniter\Model->insert([...], false)
 5 APPPATH\Controllers\CartController.php(165): CodeIgniter\BaseModel->save([...])
 6 SYSTEMPATH\CodeIgniter.php(898): App\Controllers\CartController->checkoutAction()
 7 SYSTEMPATH\CodeIgniter.php(457): CodeIgniter\CodeIgniter->runController(Object(App\Controllers\CartController))
 8 SYSTEMPATH\CodeIgniter.php(340): CodeIgniter\CodeIgniter->handleRequest(null, Object(Config\Cache), false)
 9 FCPATH\index.php(67): CodeIgniter\CodeIgniter->run()
10 SYSTEMPATH\Commands\Server\rewrite.php(43): require_once('FCPATH\\index.php')
CRITICAL - 2024-06-06 08:01:23 --> Cannot use object of type stdClass as array
in APPPATH\Controllers\CartController.php on line 167.
 1 SYSTEMPATH\CodeIgniter.php(898): App\Controllers\CartController->checkoutAction()
 2 SYSTEMPATH\CodeIgniter.php(457): CodeIgniter\CodeIgniter->runController(Object(App\Controllers\CartController))
 3 SYSTEMPATH\CodeIgniter.php(340): CodeIgniter\CodeIgniter->handleRequest(null, Object(Config\Cache), false)
 4 FCPATH\index.php(67): CodeIgniter\CodeIgniter->run()
 5 SYSTEMPATH\Commands\Server\rewrite.php(43): require_once('FCPATH\\index.php')
CRITICAL - 2024-06-06 08:01:46 --> Undefined array key "url"
in APPPATH\Controllers\CartController.php on line 167.
 1 APPPATH\Controllers\CartController.php(167): CodeIgniter\Debug\Exceptions->errorHandler(2, 'Undefined array key "url"', 'APPPATH\\Controllers\\CartController.php', 167)
 2 SYSTEMPATH\CodeIgniter.php(898): App\Controllers\CartController->checkoutAction()
 3 SYSTEMPATH\CodeIgniter.php(457): CodeIgniter\CodeIgniter->runController(Object(App\Controllers\CartController))
 4 SYSTEMPATH\CodeIgniter.php(340): CodeIgniter\CodeIgniter->handleRequest(null, Object(Config\Cache), false)
 5 FCPATH\index.php(67): CodeIgniter\CodeIgniter->run()
 6 SYSTEMPATH\Commands\Server\rewrite.php(43): require_once('FCPATH\\index.php')
CRITICAL - 2024-06-06 08:02:12 --> Undefined array key "url"
in APPPATH\Controllers\CartController.php on line 167.
 1 APPPATH\Controllers\CartController.php(167): CodeIgniter\Debug\Exceptions->errorHandler(2, 'Undefined array key "url"', 'APPPATH\\Controllers\\CartController.php', 167)
 2 SYSTEMPATH\CodeIgniter.php(898): App\Controllers\CartController->checkoutAction()
 3 SYSTEMPATH\CodeIgniter.php(457): CodeIgniter\CodeIgniter->runController(Object(App\Controllers\CartController))
 4 SYSTEMPATH\CodeIgniter.php(340): CodeIgniter\CodeIgniter->handleRequest(null, Object(Config\Cache), false)
 5 FCPATH\index.php(67): CodeIgniter\CodeIgniter->run()
 6 SYSTEMPATH\Commands\Server\rewrite.php(43): require_once('FCPATH\\index.php')
CRITICAL - 2024-06-06 08:03:03 --> Undefined array key "url"
in APPPATH\Controllers\CartController.php on line 167.
 1 APPPATH\Controllers\CartController.php(167): CodeIgniter\Debug\Exceptions->errorHandler(2, 'Undefined array key "url"', 'APPPATH\\Controllers\\CartController.php', 167)
 2 SYSTEMPATH\CodeIgniter.php(898): App\Controllers\CartController->checkoutAction()
 3 SYSTEMPATH\CodeIgniter.php(457): CodeIgniter\CodeIgniter->runController(Object(App\Controllers\CartController))
 4 SYSTEMPATH\CodeIgniter.php(340): CodeIgniter\CodeIgniter->handleRequest(null, Object(Config\Cache), false)
 5 FCPATH\index.php(67): CodeIgniter\CodeIgniter->run()
 6 SYSTEMPATH\Commands\Server\rewrite.php(43): require_once('FCPATH\\index.php')
CRITICAL - 2024-06-06 08:09:39 --> Class "App\Controllers\Redirect" not found
in APPPATH\Controllers\CartController.php on line 178.
 1 SYSTEMPATH\CodeIgniter.php(898): App\Controllers\CartController->checkoutAction()
 2 SYSTEMPATH\CodeIgniter.php(457): CodeIgniter\CodeIgniter->runController(Object(App\Controllers\CartController))
 3 SYSTEMPATH\CodeIgniter.php(340): CodeIgniter\CodeIgniter->handleRequest(null, Object(Config\Cache), false)
 4 FCPATH\index.php(67): CodeIgniter\CodeIgniter->run()
 5 SYSTEMPATH\Commands\Server\rewrite.php(43): require_once('FCPATH\\index.php')
